#
# There is insufficient memory for the Java Runtime Environment to continue.
# Native memory allocation (mmap) failed to map 65011712 bytes for Failed to commit area from 0x00000000c2200000 to 0x00000000c6000000 of length 65011712.
# Possible reasons:
#   The system is out of physical RAM or swap space
#   The process is running with CompressedOops enabled, and the Java Heap may be blocking the growth of the native heap
# Possible solutions:
#   Reduce memory load on the system
#   Increase physical memory or swap space
#   Check if swap backing store is full
#   Decrease Java heap size (-Xmx/-Xms)
#   Decrease number of Java threads
#   Decrease Java thread stack sizes (-Xss)
#   Set larger code cache with -XX:ReservedCodeCacheSize=
# This output file may be truncated or incomplete.
#
#  Out of Memory Error (t:/workspace/open/src/hotspot/os/windows/os_windows.cpp:3254), pid=14064, tid=8872
#
# JRE version:  (12.0+33) (build )
# Java VM: Java HotSpot(TM) 64-Bit Server VM (12+33, mixed mode, aot, sharing, tiered, compressed oops, g1 gc, windows-amd64)
# No core dump will be written. Minidumps are not enabled by default on client versions of Windows
#

---------------  S U M M A R Y ------------

Command Line: -Dfile.encoding=GBK ui.Mainadmin

Host: Intel(R) Core(TM) i5-6200U CPU @ 2.30GHz, 4 cores, 3G,  Windows 10 , 64 bit Build 16299 (10.0.16299.431)
Time: Fri May 10 00:07:29 2019 ?D1¨²¡À¨º¡Á?¨º¡À?? elapsed time: 0 seconds (0d 0h 0m 0s)

---------------  T H R E A D  ---------------

Current thread (0x0000022f3e8d6000):  JavaThread "Unknown thread" [_thread_in_vm, id=8872, stack(0x000000bb92400000,0x000000bb92500000)]

Stack: [0x000000bb92400000,0x000000bb92500000]
Native frames: (J=compiled Java code, j=interpreted, Vv=VM code, C=native code)
V  [jvm.dll+0x63948a]
V  [jvm.dll+0x78b31f]
V  [jvm.dll+0x78c9c1]
V  [jvm.dll+0x78d013]
V  [jvm.dll+0x262138]
V  [jvm.dll+0x63698a]
V  [jvm.dll+0x62b505]
V  [jvm.dll+0x31d9bc]
V  [jvm.dll+0x31d7ef]
V  [jvm.dll+0x323526]
V  [jvm.dll+0x370f76]
V  [jvm.dll+0x370750]
V  [jvm.dll+0x2f786a]
V  [jvm.dll+0x2f8af2]
V  [jvm.dll+0x7657b7]
V  [jvm.dll+0x766e95]
V  [jvm.dll+0x37f089]
V  [jvm.dll+0x749b14]
V  [jvm.dll+0x3ee48d]
V  [jvm.dll+0x3f03c1]
C  [jli.dll+0x51cf]
C  [ucrtbase.dll+0x1dab5]
C  [KERNEL32.DLL+0x11fe4]
C  [ntdll.dll+0x6cb31]


---------------  P R O C E S S  ---------------

Threads class SMR info:
_java_thread_list=0x00007ffc8dd748e8, length=0, elements={
}

Java Threads: ( => current thread )

Other Threads:
  0x0000022f3e906000 GCTaskThread "GC Thread#0" [stack: 0x000000bb92500000,0x000000bb92600000] [id=18456]
  0x0000022f3e90f000 ConcurrentGCThread "G1 Main Marker" [stack: 0x000000bb92600000,0x000000bb92700000] [id=13660]
  0x0000022f3e916000 ConcurrentGCThread "G1 Conc#0" [stack: 0x000000bb92700000,0x000000bb92800000] [id=19184]

[error occurred during error reporting (printing all threads), id 0xc0000005, EXCEPTION_ACCESS_VIOLATION (0xc0000005) at pc=0x00007ffc8d5a7a37]

VM state:not at safepoint (not fully initialized)

VM Mutex/Monitor currently owned by a thread:  ([mutex/lock_event])
[0x0000022f3e8d45d0] Heap_lock - owner thread: 0x0000022f3e8d6000

Heap address: 0x00000000c2200000, size: 990 MB, Compressed Oops mode: Non-zero based: 0x00000000c2200000
Narrow klass base: 0x0000000000000000, Narrow klass shift: 0

GC Heap History (0 events):
No events

Deoptimization events (0 events):
No events

Classes redefined (0 events):
No events

Internal exceptions (0 events):
No events

Events (0 events):
No events


Dynamic libraries:
0x00007ff674e80000 - 0x00007ff674e8f000 	D:\Lu\Java\bin\javaw.exe
0x00007ffcbf5d0000 - 0x00007ffcbf7b0000 	C:\WINDOWS\SYSTEM32\ntdll.dll
0x00007ffcbeae0000 - 0x00007ffcbeb8e000 	C:\WINDOWS\System32\KERNEL32.DLL
0x00007ffcbc780000 - 0x00007ffcbc9e6000 	C:\WINDOWS\System32\KERNELBASE.dll
0x00007ffcbc3a0000 - 0x00007ffcbc495000 	C:\WINDOWS\System32\ucrtbase.dll
0x00007ffca56d0000 - 0x00007ffca56e6000 	D:\Lu\Java\bin\VCRUNTIME140.dll
0x00007ffca56f0000 - 0x00007ffca5708000 	D:\Lu\Java\bin\jli.dll
0x00007ffcbe6c0000 - 0x00007ffcbe761000 	C:\WINDOWS\System32\ADVAPI32.dll
0x00007ffcbf500000 - 0x00007ffcbf59d000 	C:\WINDOWS\System32\msvcrt.dll
0x00007ffcbeca0000 - 0x00007ffcbecfb000 	C:\WINDOWS\System32\sechost.dll
0x00007ffcbd000000 - 0x00007ffcbd11f000 	C:\WINDOWS\System32\RPCRT4.dll
0x00007ffcbccc0000 - 0x00007ffcbce4f000 	C:\WINDOWS\System32\USER32.dll
0x00007ffcbc4f0000 - 0x00007ffcbc510000 	C:\WINDOWS\System32\win32u.dll
0x00007ffcbd250000 - 0x00007ffcbd278000 	C:\WINDOWS\System32\GDI32.dll
0x00007ffcbb9d0000 - 0x00007ffcbbb63000 	C:\WINDOWS\System32\gdi32full.dll
0x00007ffcbc510000 - 0x00007ffcbc5ab000 	C:\WINDOWS\System32\msvcp_win.dll
0x00007ffcad430000 - 0x00007ffcad699000 	C:\WINDOWS\WinSxS\amd64_microsoft.windows.common-controls_6595b64144ccf1df_6.0.16299.611_none_15c7d8029365981f\COMCTL32.dll
0x00007ffcbe7d0000 - 0x00007ffcbead7000 	C:\WINDOWS\System32\combase.dll
0x00007ffcbc320000 - 0x00007ffcbc392000 	C:\WINDOWS\System32\bcryptPrimitives.dll
0x00007ffcb7840000 - 0x00007ffcb784a000 	C:\WINDOWS\SYSTEM32\VERSION.dll
0x00007ffcbf4d0000 - 0x00007ffcbf4fd000 	C:\WINDOWS\System32\IMM32.DLL
0x00007ffc9a160000 - 0x00007ffc9a20a000 	D:\Lu\Java\bin\msvcp140.dll
0x00007ffc8d2a0000 - 0x00007ffc8de14000 	D:\Lu\Java\bin\server\jvm.dll
0x00007ffcbf4c0000 - 0x00007ffcbf4c8000 	C:\WINDOWS\System32\PSAPI.DLL
0x00007ffcb8f30000 - 0x00007ffcb8f53000 	C:\WINDOWS\SYSTEM32\WINMM.dll
0x00007ffcba2c0000 - 0x00007ffcba2c9000 	C:\WINDOWS\SYSTEM32\WSOCK32.dll
0x00007ffcbeb90000 - 0x00007ffcbebfc000 	C:\WINDOWS\System32\WS2_32.dll
0x00007ffcb8510000 - 0x00007ffcb853a000 	C:\WINDOWS\SYSTEM32\WINMMBASE.dll
0x00007ffcbc4a0000 - 0x00007ffcbc4ea000 	C:\WINDOWS\System32\cfgmgr32.dll
0x00007ffcbb9b0000 - 0x00007ffcbb9c1000 	C:\WINDOWS\System32\kernel.appcore.dll
0x00007ffcb7800000 - 0x00007ffcb7811000 	D:\Lu\Java\bin\verify.dll
0x00007ffcbb410000 - 0x00007ffcbb5d8000 	C:\WINDOWS\SYSTEM32\DBGHELP.DLL
0x00007ffcbb350000 - 0x00007ffcbb379000 	C:\WINDOWS\SYSTEM32\dbgcore.DLL
0x00007ffcac370000 - 0x00007ffcac396000 	D:\Lu\Java\bin\java.dll
0x00007ffcb1380000 - 0x00007ffcb1397000 	D:\Lu\Java\bin\zip.dll
0x00007ffcb60c0000 - 0x00007ffcb60ca000 	D:\Lu\Java\bin\jimage.dll

dbghelp: loaded successfully - version: 4.0.5 - missing functions: none
symbol engine: initialized successfully - sym options: 0x614 - pdb path: .;D:\Lu\Java\bin;C:\WINDOWS\SYSTEM32;C:\WINDOWS\WinSxS\amd64_microsoft.windows.common-controls_6595b64144ccf1df_6.0.16299.611_none_15c7d8029365981f;D:\Lu\Java\bin\server

VM Arguments:
jvm_args: -Dfile.encoding=GBK 
java_command: ui.Mainadmin
java_class_path (initial): D:\Lu\eclipse\workspace\Supermarket\bin
Launcher Type: SUN_STANDARD

[Global flags]
     intx CICompilerCount                          = 3                                         {product} {ergonomic}
     uint ConcGCThreads                            = 1                                         {product} {ergonomic}
     uint G1ConcRefinementThreads                  = 4                                         {product} {ergonomic}
   size_t G1HeapRegionSize                         = 1048576                                   {product} {ergonomic}
    uintx GCDrainStackTargetSize                   = 64                                        {product} {ergonomic}
   size_t InitialHeapSize                          = 65011712                                  {product} {ergonomic}
   size_t MarkStackSize                            = 4194304                                   {product} {ergonomic}
   size_t MaxHeapSize                              = 1038090240                                {product} {ergonomic}
   size_t MinHeapDeltaBytes                        = 1048576                                   {product} {ergonomic}
    uintx NonNMethodCodeHeapSize                   = 5830732                                {pd product} {ergonomic}
    uintx NonProfiledCodeHeapSize                  = 122913754                              {pd product} {ergonomic}
    uintx ProfiledCodeHeapSize                     = 122913754                              {pd product} {ergonomic}
    uintx ReservedCodeCacheSize                    = 251658240                              {pd product} {ergonomic}
     bool SegmentedCodeCache                       = true                                      {product} {ergonomic}
     bool UseCompressedClassPointers               = true                                 {lp64_product} {ergonomic}
     bool UseCompressedOops                        = true                                 {lp64_product} {ergonomic}
     bool UseG1GC                                  = true                                      {product} {ergonomic}
     bool UseLargePagesIndividualAllocation        = false                                  {pd product} {ergonomic}

Logging:
Log output configuration:
 #0: stdout all=warning uptime,level,tags
 #1: stderr all=off uptime,level,tags

Environment Variables:
PATH=D:/Lu/Java/bin/server;D:/Lu/Java/bin;C:\Program Files (x86)\Intel\iCLS Client\;C:\Program Files\Intel\iCLS Client\;C:\WINDOWS\system32;C:\WINDOWS;C:\WINDOWS\System32\Wbem;C:\WINDOWS\System32\WindowsPowerShell\v1.0\;C:\Program Files (x86)\Intel\Intel(R) Management Engine Components\DAL;C:\Program Files\Intel\Intel(R) Management Engine Components\DAL;C:\Program Files (x86)\Intel\Intel(R) Management Engine Components\IPT;C:\Program Files\Intel\Intel(R) Management Engine Components\IPT;c:\Program Files (x86)\ATI Technologies\ATI.ACE\Core-Static;c:\Program Files\Intel\IntelSGXPSW\bin\x64\Release\;c:\Program Files\Intel\IntelSGXPSW\bin\win32\Release\;C:\Program Files\Intel\WiFi\bin\;C:\Program Files\Common Files\Intel\WirelessCommon\;D:\Program Files (x86)\sql server2012\110\DTS\Binn\;D:\Program Files (x86)\sql server2012\new\110\Tools\Binn\;D:\Program Files (x86)\sql server2012\110\Tools\Binn\;D:\Program Files (x86)\sql server2012\new\110\Tools\Binn\ManagementStudio\;C:\Program Files (x86)\Microsoft Visual Studio 10.0\Common7\IDE\PrivateAssemblies\;D:\Program Files (x86)\sql server2012\new\110\DTS\Binn\;D:\Program Files (x86)\sql server2012\one\110\DTS\Binn\;D:\Program Files (x86)\sql server2012\two\110\Tools\Binn\;D:\Program Files (x86)\sql server2012\one\110\Tools\Binn\;D:\Program Files (x86)\sql server2012\two\110\Tools\Binn\ManagementStudio\;D:\Program Files (x86)\sql server2012\two\110\DTS\Binn\;D:\Lu\wamp\bin\php\php5.5.12;D:\Lu\Java\bin;C:\Users\dell\AppData\Local\Microsoft\WindowsApps;D:\Lu\eclipse;
USERNAME=dell
OS=Windows_NT
PROCESSOR_IDENTIFIER=Intel64 Family 6 Model 78 Stepping 3, GenuineIntel



---------------  S Y S T E M  ---------------

OS: Windows 10 , 64 bit Build 16299 (10.0.16299.431)

CPU:total 4 (initial active 4) (2 cores per cpu, 2 threads per core) family 6 model 78 stepping 3, cmov, cx8, fxsr, mmx, sse, sse2, sse3, ssse3, sse4.1, sse4.2, popcnt, avx, avx2, aes, clmul, erms, 3dnowpref, lzcnt, ht, tsc, tscinvbit, bmi1, bmi2, adx, fma

Memory: 4k page, system-wide physical 3955M (621M free)
TotalPageFile size 14922M (AvailPageFile size 65M)
current process WorkingSet (physical memory assigned to process): 10M, peak: 10M
current process commit charge ("private bytes"): 51M, peak: 113M

vm_info: Java HotSpot(TM) 64-Bit Server VM (12+33) for windows-amd64 JRE (12+33), built on Feb 21 2019 02:31:50 by "mach5one" with MS VC++ 15.5 (VS2017)

END.
